<?xml version="1.0" encoding="UTF-8"?>
<testng-results ignored="0" total="10" passed="10" failed="0" skipped="0">
  <reporter-output>
    <line>
      <![CDATA[setting up reports and started]]>
    </line>
    <line>
      <![CDATA[setting Done]]>
    </line>
    <line>
      <![CDATA[Bedsheet Done]]>
    </line>
    <line>
      <![CDATA[searching Done]]>
    </line>
    <line>
      <![CDATA[bedapp Done]]>
    </line>
    <line>
      <![CDATA[assertions Done]]>
    </line>
  </reporter-output>
  <suite started-at="2022-05-22T16:13:21 IST" name="Suite" finished-at="2022-05-22T16:14:26 IST" duration-ms="64899">
    <groups>
    </groups>
    <test started-at="2022-05-22T16:13:21 IST" name="Test" finished-at="2022-05-22T16:14:26 IST" duration-ms="64899">
      <class name="Hybrid.logincrm">
        <test-method is-config="true" signature="setupsuite()[pri:0, instance:Hybrid.logincrm@498d318c]" started-at="2022-05-22T16:13:20 IST" name="setupsuite" finished-at="2022-05-22T16:13:21 IST" duration-ms="791" status="PASS">
          <reporter-output>
            <line>
              <![CDATA[setting up reports and started]]>
            </line>
            <line>
              <![CDATA[setting Done]]>
            </line>
          </reporter-output>
        </test-method> <!-- setupsuite -->
        <test-method is-config="true" signature="voidsetup()[pri:0, instance:Hybrid.logincrm@498d318c]" started-at="2022-05-22T16:13:21 IST" name="voidsetup" finished-at="2022-05-22T16:13:30 IST" duration-ms="8801" status="PASS">
          <reporter-output>
          </reporter-output>
        </test-method> <!-- voidsetup -->
        <test-method signature="loginApp()[pri:1, instance:Hybrid.logincrm@498d318c]" started-at="2022-05-22T16:13:30 IST" name="loginApp" finished-at="2022-05-22T16:13:35 IST" duration-ms="5041" status="PASS">
          <reporter-output>
          </reporter-output>
        </test-method> <!-- loginApp -->
        <test-method is-config="true" signature="terdown(org.testng.ITestResult)[pri:0, instance:Hybrid.logincrm@498d318c]" started-at="2022-05-22T16:13:35 IST" name="terdown" finished-at="2022-05-22T16:13:35 IST" duration-ms="627" status="PASS">
          <params>
            <param index="0">
              <value>
                <![CDATA[[TestResult name=loginApp status=SUCCESS method=logincrm.loginApp()[pri:1, instance:Hybrid.logincrm@498d318c] output={null}]]]>
              </value>
            </param>
          </params>
          <reporter-output>
          </reporter-output>
        </test-method> <!-- terdown -->
        <test-method signature="signupapp()[pri:2, instance:Hybrid.logincrm@498d318c]" started-at="2022-05-22T16:13:35 IST" name="signupapp" finished-at="2022-05-22T16:13:43 IST" duration-ms="7566" status="PASS">
          <reporter-output>
          </reporter-output>
        </test-method> <!-- signupapp -->
        <test-method is-config="true" signature="terdown(org.testng.ITestResult)[pri:0, instance:Hybrid.logincrm@498d318c]" started-at="2022-05-22T16:13:43 IST" name="terdown" finished-at="2022-05-22T16:13:43 IST" duration-ms="38" status="PASS">
          <params>
            <param index="0">
              <value>
                <![CDATA[[TestResult name=signupapp status=SUCCESS method=logincrm.signupapp()[pri:2, instance:Hybrid.logincrm@498d318c] output={null}]]]>
              </value>
            </param>
          </params>
          <reporter-output>
          </reporter-output>
        </test-method> <!-- terdown -->
        <test-method signature="searchupapp()[pri:3, instance:Hybrid.logincrm@498d318c]" started-at="2022-05-22T16:13:43 IST" name="searchupapp" finished-at="2022-05-22T16:13:53 IST" duration-ms="9878" status="PASS">
          <reporter-output>
            <line>
              <![CDATA[Bedsheet Done]]>
            </line>
          </reporter-output>
        </test-method> <!-- searchupapp -->
        <test-method is-config="true" signature="terdown(org.testng.ITestResult)[pri:0, instance:Hybrid.logincrm@498d318c]" started-at="2022-05-22T16:13:53 IST" name="terdown" finished-at="2022-05-22T16:13:53 IST" duration-ms="75" status="PASS">
          <params>
            <param index="0">
              <value>
                <![CDATA[[TestResult name=searchupapp status=SUCCESS method=logincrm.searchupapp()[pri:3, instance:Hybrid.logincrm@498d318c] output=Bedsheet Done]]]>
              </value>
            </param>
          </params>
          <reporter-output>
          </reporter-output>
        </test-method> <!-- terdown -->
        <test-method signature="Bedapp()[pri:4, instance:Hybrid.logincrm@498d318c]" started-at="2022-05-22T16:13:53 IST" name="Bedapp" finished-at="2022-05-22T16:14:03 IST" duration-ms="10007" status="PASS">
          <reporter-output>
            <line>
              <![CDATA[searching Done]]>
            </line>
          </reporter-output>
        </test-method> <!-- Bedapp -->
        <test-method is-config="true" signature="terdown(org.testng.ITestResult)[pri:0, instance:Hybrid.logincrm@498d318c]" started-at="2022-05-22T16:14:03 IST" name="terdown" finished-at="2022-05-22T16:14:03 IST" duration-ms="53" status="PASS">
          <params>
            <param index="0">
              <value>
                <![CDATA[[TestResult name=Bedapp status=SUCCESS method=logincrm.Bedapp()[pri:4, instance:Hybrid.logincrm@498d318c] output=searching Done]]]>
              </value>
            </param>
          </params>
          <reporter-output>
          </reporter-output>
        </test-method> <!-- terdown -->
        <test-method signature="Bedappcart()[pri:5, instance:Hybrid.logincrm@498d318c]" started-at="2022-05-22T16:14:03 IST" name="Bedappcart" finished-at="2022-05-22T16:14:08 IST" duration-ms="4449" status="PASS">
          <reporter-output>
            <line>
              <![CDATA[bedapp Done]]>
            </line>
          </reporter-output>
        </test-method> <!-- Bedappcart -->
        <test-method is-config="true" signature="terdown(org.testng.ITestResult)[pri:0, instance:Hybrid.logincrm@498d318c]" started-at="2022-05-22T16:14:08 IST" name="terdown" finished-at="2022-05-22T16:14:08 IST" duration-ms="16" status="PASS">
          <params>
            <param index="0">
              <value>
                <![CDATA[[TestResult name=Bedappcart status=SUCCESS method=logincrm.Bedappcart()[pri:5, instance:Hybrid.logincrm@498d318c] output=bedapp Done]]]>
              </value>
            </param>
          </params>
          <reporter-output>
          </reporter-output>
        </test-method> <!-- terdown -->
        <test-method signature="assertions()[pri:6, instance:Hybrid.logincrm@498d318c]" started-at="2022-05-22T16:14:08 IST" name="assertions" finished-at="2022-05-22T16:14:10 IST" duration-ms="2743" status="PASS">
          <reporter-output>
            <line>
              <![CDATA[assertions Done]]>
            </line>
          </reporter-output>
        </test-method> <!-- assertions -->
        <test-method is-config="true" signature="terdown(org.testng.ITestResult)[pri:0, instance:Hybrid.logincrm@498d318c]" started-at="2022-05-22T16:14:10 IST" name="terdown" finished-at="2022-05-22T16:14:10 IST" duration-ms="48" status="PASS">
          <params>
            <param index="0">
              <value>
                <![CDATA[[TestResult name=assertions status=SUCCESS method=logincrm.assertions()[pri:6, instance:Hybrid.logincrm@498d318c] output=assertions Done]]]>
              </value>
            </param>
          </params>
          <reporter-output>
          </reporter-output>
        </test-method> <!-- terdown -->
        <test-method signature="tvappcart()[pri:7, instance:Hybrid.logincrm@498d318c]" started-at="2022-05-22T16:14:10 IST" name="tvappcart" finished-at="2022-05-22T16:14:12 IST" duration-ms="1842" status="PASS">
          <reporter-output>
          </reporter-output>
        </test-method> <!-- tvappcart -->
        <test-method is-config="true" signature="terdown(org.testng.ITestResult)[pri:0, instance:Hybrid.logincrm@498d318c]" started-at="2022-05-22T16:14:12 IST" name="terdown" finished-at="2022-05-22T16:14:12 IST" duration-ms="15" status="PASS">
          <params>
            <param index="0">
              <value>
                <![CDATA[[TestResult name=tvappcart status=SUCCESS method=logincrm.tvappcart()[pri:7, instance:Hybrid.logincrm@498d318c] output={null}]]]>
              </value>
            </param>
          </params>
          <reporter-output>
          </reporter-output>
        </test-method> <!-- terdown -->
        <test-method signature="studyapp()[pri:8, instance:Hybrid.logincrm@498d318c]" started-at="2022-05-22T16:14:12 IST" name="studyapp" finished-at="2022-05-22T16:14:24 IST" duration-ms="11597" status="PASS">
          <reporter-output>
          </reporter-output>
        </test-method> <!-- studyapp -->
        <test-method is-config="true" signature="terdown(org.testng.ITestResult)[pri:0, instance:Hybrid.logincrm@498d318c]" started-at="2022-05-22T16:14:24 IST" name="terdown" finished-at="2022-05-22T16:14:24 IST" duration-ms="56" status="PASS">
          <params>
            <param index="0">
              <value>
                <![CDATA[[TestResult name=studyapp status=SUCCESS method=logincrm.studyapp()[pri:8, instance:Hybrid.logincrm@498d318c] output={null}]]]>
              </value>
            </param>
          </params>
          <reporter-output>
          </reporter-output>
        </test-method> <!-- terdown -->
        <test-method signature="aboutapp()[pri:9, instance:Hybrid.logincrm@498d318c]" started-at="2022-05-22T16:14:24 IST" name="aboutapp" finished-at="2022-05-22T16:14:25 IST" duration-ms="863" status="PASS">
          <reporter-output>
          </reporter-output>
        </test-method> <!-- aboutapp -->
        <test-method is-config="true" signature="terdown(org.testng.ITestResult)[pri:0, instance:Hybrid.logincrm@498d318c]" started-at="2022-05-22T16:14:25 IST" name="terdown" finished-at="2022-05-22T16:14:25 IST" duration-ms="17" status="PASS">
          <params>
            <param index="0">
              <value>
                <![CDATA[[TestResult name=aboutapp status=SUCCESS method=logincrm.aboutapp()[pri:9, instance:Hybrid.logincrm@498d318c] output={null}]]]>
              </value>
            </param>
          </params>
          <reporter-output>
          </reporter-output>
        </test-method> <!-- terdown -->
        <test-method signature="infoapp()[pri:10, instance:Hybrid.logincrm@498d318c]" started-at="2022-05-22T16:14:25 IST" name="infoapp" finished-at="2022-05-22T16:14:25 IST" duration-ms="575" status="PASS">
          <reporter-output>
          </reporter-output>
        </test-method> <!-- infoapp -->
        <test-method is-config="true" signature="terdown(org.testng.ITestResult)[pri:0, instance:Hybrid.logincrm@498d318c]" started-at="2022-05-22T16:14:25 IST" name="terdown" finished-at="2022-05-22T16:14:25 IST" duration-ms="19" status="PASS">
          <params>
            <param index="0">
              <value>
                <![CDATA[[TestResult name=infoapp status=SUCCESS method=logincrm.infoapp()[pri:10, instance:Hybrid.logincrm@498d318c] output={null}]]]>
              </value>
            </param>
          </params>
          <reporter-output>
          </reporter-output>
        </test-method> <!-- terdown -->
        <test-method is-config="true" signature="teardown()[pri:0, instance:Hybrid.logincrm@498d318c]" started-at="2022-05-22T16:14:25 IST" name="teardown" finished-at="2022-05-22T16:14:26 IST" duration-ms="429" status="PASS">
          <reporter-output>
          </reporter-output>
        </test-method> <!-- teardown -->
      </class> <!-- Hybrid.logincrm -->
    </test> <!-- Test -->
  </suite> <!-- Suite -->
</testng-results>
