<?xml version="1.0" encoding="UTF-8"?>
<!-- Generated by org.testng.reporters.JUnitXMLReporter -->
<testsuite ignored="0" hostname="DESKTOP-I94TVPU" failures="0" tests="10" name="Test" time="64.899" errors="0" timestamp="2022-05-22T16:14:26 IST">
  <testcase classname="Hybrid.logincrm" name="loginApp" time="5.041"/>
  <testcase classname="Hybrid.logincrm" name="signupapp" time="7.566"/>
  <testcase classname="Hybrid.logincrm" name="searchupapp" time="9.878"/>
  <testcase classname="Hybrid.logincrm" name="Bedapp" time="10.007"/>
  <testcase classname="Hybrid.logincrm" name="Bedappcart" time="4.449"/>
  <testcase classname="Hybrid.logincrm" name="assertions" time="2.743"/>
  <testcase classname="Hybrid.logincrm" name="tvappcart" time="1.842"/>
  <testcase classname="Hybrid.logincrm" name="studyapp" time="11.597"/>
  <testcase classname="Hybrid.logincrm" name="aboutapp" time="0.863"/>
  <testcase classname="Hybrid.logincrm" name="infoapp" time="0.575"/>
</testsuite> <!-- Test -->
